{"/home/daniel21h/coding/projects/beecast/server/config.js": {"path":"/home/daniel21h/coding/projects/beecast/server/config.js","statementMap":{"0":{"start":{"line":4,"column":19},"end":{"line":4,"column":58}},"1":{"start":{"line":5,"column":13},"end":{"line":5,"column":36}},"2":{"start":{"line":6,"column":23},"end":{"line":6,"column":42}},"3":{"start":{"line":7,"column":24},"end":{"line":7,"column":44}}},"fnMap":{},"branchMap":{"0":{"loc":{"start":{"line":10,"column":8},"end":{"line":10,"column":32}},"type":"binary-expr","locations":[{"start":{"line":10,"column":8},"end":{"line":10,"column":24}},{"start":{"line":10,"column":28},"end":{"line":10,"column":32}}],"line":10}},"s":{"0":1,"1":1,"2":1,"3":1},"f":{},"b":{"0":[1,1]},"_coverageSchema":"1a1c01bbd47fc00a2c39e90264f33305004495a9","hash":"bace58e94980ce01de2528ea450b8a90a4cbdca1"}
,"/home/daniel21h/coding/projects/beecast/server/controller.js": {"path":"/home/daniel21h/coding/projects/beecast/server/controller.js","statementMap":{"0":{"start":{"line":5,"column":4},"end":{"line":5,"column":33}},"1":{"start":{"line":9,"column":4},"end":{"line":9,"column":48}}},"fnMap":{"0":{"name":"(anonymous_0)","decl":{"start":{"line":4,"column":2},"end":{"line":4,"column":3}},"loc":{"start":{"line":4,"column":16},"end":{"line":6,"column":3}},"line":4},"1":{"name":"(anonymous_1)","decl":{"start":{"line":8,"column":2},"end":{"line":8,"column":3}},"loc":{"start":{"line":8,"column":32},"end":{"line":10,"column":3}},"line":8}},"branchMap":{},"s":{"0":1,"1":0},"f":{"0":1,"1":0},"b":{},"_coverageSchema":"1a1c01bbd47fc00a2c39e90264f33305004495a9","hash":"58739798465d581c5cb66694d879ad80bef63617"}
,"/home/daniel21h/coding/projects/beecast/server/routes.js": {"path":"/home/daniel21h/coding/projects/beecast/server/routes.js","statementMap":{"0":{"start":{"line":5,"column":19},"end":{"line":5,"column":35}},"1":{"start":{"line":8,"column":26},"end":{"line":8,"column":33}},"2":{"start":{"line":10,"column":2},"end":{"line":16,"column":3}},"3":{"start":{"line":11,"column":4},"end":{"line":13,"column":7}},"4":{"start":{"line":15,"column":4},"end":{"line":15,"column":26}},"5":{"start":{"line":18,"column":2},"end":{"line":27,"column":3}},"6":{"start":{"line":19,"column":23},"end":{"line":19,"column":76}},"7":{"start":{"line":26,"column":4},"end":{"line":26,"column":33}},"8":{"start":{"line":29,"column":2},"end":{"line":33,"column":3}},"9":{"start":{"line":30,"column":23},"end":{"line":30,"column":82}},"10":{"start":{"line":32,"column":4},"end":{"line":32,"column":33}},"11":{"start":{"line":35,"column":2},"end":{"line":45,"column":3}},"12":{"start":{"line":36,"column":29},"end":{"line":36,"column":64}},"13":{"start":{"line":38,"column":24},"end":{"line":38,"column":59}},"14":{"start":{"line":40,"column":4},"end":{"line":42,"column":7}},"15":{"start":{"line":40,"column":21},"end":{"line":42,"column":7}},"16":{"start":{"line":44,"column":4},"end":{"line":44,"column":33}},"17":{"start":{"line":47,"column":2},"end":{"line":47,"column":26}},"18":{"start":{"line":48,"column":2},"end":{"line":48,"column":24}},"19":{"start":{"line":52,"column":2},"end":{"line":57,"column":3}},"20":{"start":{"line":53,"column":4},"end":{"line":53,"column":50}},"21":{"start":{"line":55,"column":4},"end":{"line":55,"column":28}},"22":{"start":{"line":56,"column":4},"end":{"line":56,"column":26}},"23":{"start":{"line":59,"column":2},"end":{"line":59,"column":53}},"24":{"start":{"line":61,"column":2},"end":{"line":61,"column":26}},"25":{"start":{"line":62,"column":2},"end":{"line":62,"column":24}},"26":{"start":{"line":66,"column":2},"end":{"line":66,"column":80}},"27":{"start":{"line":66,"column":50},"end":{"line":66,"column":78}}},"fnMap":{"0":{"name":"routes","decl":{"start":{"line":7,"column":15},"end":{"line":7,"column":21}},"loc":{"start":{"line":7,"column":41},"end":{"line":49,"column":1}},"line":7},"1":{"name":"handleError","decl":{"start":{"line":51,"column":9},"end":{"line":51,"column":20}},"loc":{"start":{"line":51,"column":38},"end":{"line":63,"column":1}},"line":51},"2":{"name":"handler","decl":{"start":{"line":65,"column":16},"end":{"line":65,"column":23}},"loc":{"start":{"line":65,"column":43},"end":{"line":67,"column":1}},"line":65},"3":{"name":"(anonymous_3)","decl":{"start":{"line":66,"column":41},"end":{"line":66,"column":42}},"loc":{"start":{"line":66,"column":50},"end":{"line":66,"column":78}},"line":66}},"branchMap":{"0":{"loc":{"start":{"line":10,"column":2},"end":{"line":16,"column":3}},"type":"if","locations":[{"start":{"line":10,"column":2},"end":{"line":16,"column":3}},{"start":{},"end":{}}],"line":10},"1":{"loc":{"start":{"line":10,"column":6},"end":{"line":10,"column":37}},"type":"binary-expr","locations":[{"start":{"line":10,"column":6},"end":{"line":10,"column":22}},{"start":{"line":10,"column":26},"end":{"line":10,"column":37}}],"line":10},"2":{"loc":{"start":{"line":18,"column":2},"end":{"line":27,"column":3}},"type":"if","locations":[{"start":{"line":18,"column":2},"end":{"line":27,"column":3}},{"start":{},"end":{}}],"line":18},"3":{"loc":{"start":{"line":18,"column":6},"end":{"line":18,"column":41}},"type":"binary-expr","locations":[{"start":{"line":18,"column":6},"end":{"line":18,"column":22}},{"start":{"line":18,"column":26},"end":{"line":18,"column":41}}],"line":18},"4":{"loc":{"start":{"line":29,"column":2},"end":{"line":33,"column":3}},"type":"if","locations":[{"start":{"line":29,"column":2},"end":{"line":33,"column":3}},{"start":{},"end":{}}],"line":29},"5":{"loc":{"start":{"line":29,"column":6},"end":{"line":29,"column":47}},"type":"binary-expr","locations":[{"start":{"line":29,"column":6},"end":{"line":29,"column":22}},{"start":{"line":29,"column":26},"end":{"line":29,"column":47}}],"line":29},"6":{"loc":{"start":{"line":35,"column":2},"end":{"line":45,"column":3}},"type":"if","locations":[{"start":{"line":35,"column":2},"end":{"line":45,"column":3}},{"start":{},"end":{}}],"line":35},"7":{"loc":{"start":{"line":40,"column":4},"end":{"line":42,"column":7}},"type":"if","locations":[{"start":{"line":40,"column":4},"end":{"line":42,"column":7}},{"start":{},"end":{}}],"line":40},"8":{"loc":{"start":{"line":52,"column":2},"end":{"line":57,"column":3}},"type":"if","locations":[{"start":{"line":52,"column":2},"end":{"line":57,"column":3}},{"start":{},"end":{}}],"line":52}},"s":{"0":1,"1":3,"2":3,"3":1,"4":1,"5":2,"6":1,"7":1,"8":1,"9":1,"10":1,"11":0,"12":0,"13":0,"14":0,"15":0,"16":0,"17":0,"18":0,"19":0,"20":0,"21":0,"22":0,"23":0,"24":0,"25":0,"26":3,"27":0},"f":{"0":3,"1":0,"2":3,"3":0},"b":{"0":[1,2],"1":[3,3],"2":[1,1],"3":[2,2],"4":[1,0],"5":[1,1],"6":[0,0],"7":[0,0],"8":[0,0]},"_coverageSchema":"1a1c01bbd47fc00a2c39e90264f33305004495a9","hash":"cabd1157cd563c686b421e306600942fddb688b9"}
,"/home/daniel21h/coding/projects/beecast/server/service.js": {"path":"/home/daniel21h/coding/projects/beecast/server/service.js","statementMap":{"0":{"start":{"line":8,"column":4},"end":{"line":8,"column":41}},"1":{"start":{"line":13,"column":25},"end":{"line":13,"column":63}},"2":{"start":{"line":16,"column":4},"end":{"line":16,"column":42}},"3":{"start":{"line":19,"column":21},"end":{"line":19,"column":42}},"4":{"start":{"line":21,"column":4},"end":{"line":24,"column":6}},"5":{"start":{"line":28,"column":27},"end":{"line":28,"column":55}},"6":{"start":{"line":30,"column":4},"end":{"line":33,"column":6}}},"fnMap":{"0":{"name":"(anonymous_0)","decl":{"start":{"line":7,"column":2},"end":{"line":7,"column":3}},"loc":{"start":{"line":7,"column":29},"end":{"line":9,"column":3}},"line":7},"1":{"name":"(anonymous_1)","decl":{"start":{"line":11,"column":2},"end":{"line":11,"column":3}},"loc":{"start":{"line":11,"column":26},"end":{"line":25,"column":3}},"line":11},"2":{"name":"(anonymous_2)","decl":{"start":{"line":27,"column":2},"end":{"line":27,"column":3}},"loc":{"start":{"line":27,"column":28},"end":{"line":34,"column":3}},"line":27}},"branchMap":{},"s":{"0":0,"1":0,"2":0,"3":0,"4":0,"5":0,"6":0},"f":{"0":0,"1":0,"2":0},"b":{},"_coverageSchema":"1a1c01bbd47fc00a2c39e90264f33305004495a9","hash":"9b30292af6f1f1f9696148faace299ff87fe3ef2"}
,"/home/daniel21h/coding/projects/beecast/server/utils.js": {"path":"/home/daniel21h/coding/projects/beecast/server/utils.js","statementMap":{"0":{"start":{"line":3,"column":12},"end":{"line":11,"column":2}},"1":{"start":{"line":13,"column":22},"end":{"line":13,"column":25}}},"fnMap":{},"branchMap":{},"s":{"0":1,"1":1},"f":{},"b":{},"_coverageSchema":"1a1c01bbd47fc00a2c39e90264f33305004495a9","hash":"95f0db10b0baf4369db1df9d1a51823d6296a77a"}
,"/home/daniel21h/coding/projects/beecast/tests/unit/_util/testUtil.js": {"path":"/home/daniel21h/coding/projects/beecast/tests/unit/_util/testUtil.js","statementMap":{"0":{"start":{"line":6,"column":4},"end":{"line":14,"column":7}},"1":{"start":{"line":8,"column":8},"end":{"line":10,"column":9}},"2":{"start":{"line":9,"column":10},"end":{"line":9,"column":26}},"3":{"start":{"line":12,"column":8},"end":{"line":12,"column":24}},"4":{"start":{"line":18,"column":4},"end":{"line":24,"column":7}},"5":{"start":{"line":20,"column":8},"end":{"line":20,"column":22}},"6":{"start":{"line":22,"column":8},"end":{"line":22,"column":24}},"7":{"start":{"line":28,"column":26},"end":{"line":28,"column":81}},"8":{"start":{"line":30,"column":21},"end":{"line":30,"column":63}},"9":{"start":{"line":32,"column":17},"end":{"line":43,"column":5}},"10":{"start":{"line":45,"column":4},"end":{"line":48,"column":6}},"11":{"start":{"line":46,"column":20},"end":{"line":46,"column":39}}},"fnMap":{"0":{"name":"(anonymous_0)","decl":{"start":{"line":5,"column":2},"end":{"line":5,"column":3}},"loc":{"start":{"line":5,"column":38},"end":{"line":15,"column":3}},"line":5},"1":{"name":"(anonymous_1)","decl":{"start":{"line":7,"column":6},"end":{"line":7,"column":7}},"loc":{"start":{"line":7,"column":13},"end":{"line":13,"column":7}},"line":7},"2":{"name":"(anonymous_2)","decl":{"start":{"line":17,"column":2},"end":{"line":17,"column":3}},"loc":{"start":{"line":17,"column":40},"end":{"line":25,"column":3}},"line":17},"3":{"name":"(anonymous_3)","decl":{"start":{"line":19,"column":6},"end":{"line":19,"column":7}},"loc":{"start":{"line":19,"column":28},"end":{"line":23,"column":7}},"line":19},"4":{"name":"(anonymous_4)","decl":{"start":{"line":27,"column":2},"end":{"line":27,"column":3}},"loc":{"start":{"line":27,"column":31},"end":{"line":49,"column":3}},"line":27},"5":{"name":"(anonymous_5)","decl":{"start":{"line":30,"column":53},"end":{"line":30,"column":54}},"loc":{"start":{"line":30,"column":59},"end":{"line":30,"column":62}},"line":30},"6":{"name":"(anonymous_6)","decl":{"start":{"line":46,"column":14},"end":{"line":46,"column":15}},"loc":{"start":{"line":46,"column":20},"end":{"line":46,"column":39}},"line":46}},"branchMap":{},"s":{"0":5,"1":0,"2":0,"3":0,"4":3,"5":0,"6":0,"7":3,"8":3,"9":3,"10":3,"11":3},"f":{"0":5,"1":0,"2":3,"3":0,"4":3,"5":0,"6":3},"b":{},"_coverageSchema":"1a1c01bbd47fc00a2c39e90264f33305004495a9","hash":"b766aeaab3b0cc85d0664e306d911fe5e174f712"}
}
