TN:
SF:server/config.js
FNF:0
FNH:0
DA:4,1
DA:5,1
DA:6,1
DA:7,1
LF:4
LH:4
BRDA:10,0,0,1
BRDA:10,0,1,1
BRF:2
BRH:2
end_of_record
TN:
SF:server/controller.js
FN:4,(anonymous_0)
FN:8,(anonymous_1)
FNF:2
FNH:1
FNDA:1,(anonymous_0)
FNDA:0,(anonymous_1)
DA:5,1
DA:9,0
LF:2
LH:1
BRF:0
BRH:0
end_of_record
TN:
SF:server/routes.js
FN:7,routes
FN:51,handleError
FN:65,handler
FN:66,(anonymous_3)
FNF:4
FNH:4
FNDA:8,routes
FNDA:2,handleError
FNDA:8,handler
FNDA:2,(anonymous_3)
DA:5,1
DA:8,8
DA:10,8
DA:11,1
DA:15,1
DA:18,7
DA:19,1
DA:26,1
DA:29,6
DA:30,1
DA:32,1
DA:35,5
DA:36,4
DA:38,2
DA:40,2
DA:44,2
DA:47,1
DA:48,1
DA:52,2
DA:53,1
DA:55,1
DA:56,1
DA:59,1
DA:61,1
DA:62,1
DA:66,8
LF:26
LH:26
BRDA:10,0,0,1
BRDA:10,0,1,7
BRDA:10,1,0,8
BRDA:10,1,1,7
BRDA:18,2,0,1
BRDA:18,2,1,6
BRDA:18,3,0,7
BRDA:18,3,1,6
BRDA:29,4,0,1
BRDA:29,4,1,5
BRDA:29,5,0,6
BRDA:29,5,1,5
BRDA:35,6,0,4
BRDA:35,6,1,1
BRDA:40,7,0,1
BRDA:40,7,1,1
BRDA:52,8,0,1
BRDA:52,8,1,1
BRF:18
BRH:18
end_of_record
TN:
SF:server/service.js
FN:7,(anonymous_0)
FN:11,(anonymous_1)
FN:27,(anonymous_2)
FNF:3
FNH:0
FNDA:0,(anonymous_0)
FNDA:0,(anonymous_1)
FNDA:0,(anonymous_2)
DA:8,0
DA:13,0
DA:16,0
DA:19,0
DA:21,0
DA:28,0
DA:30,0
LF:7
LH:0
BRF:0
BRH:0
end_of_record
TN:
SF:server/utils.js
FNF:0
FNH:0
DA:3,1
DA:13,1
LF:2
LH:2
BRF:0
BRH:0
end_of_record
TN:
SF:tests/unit/_util/testUtil.js
FN:5,(anonymous_0)
FN:7,(anonymous_1)
FN:17,(anonymous_2)
FN:19,(anonymous_3)
FN:27,(anonymous_4)
FN:30,(anonymous_5)
FN:46,(anonymous_6)
FNF:7
FNH:4
FNDA:12,(anonymous_0)
FNDA:0,(anonymous_1)
FNDA:8,(anonymous_2)
FNDA:0,(anonymous_3)
FNDA:8,(anonymous_4)
FNDA:0,(anonymous_5)
FNDA:8,(anonymous_6)
DA:6,12
DA:8,0
DA:9,0
DA:12,0
DA:18,8
DA:20,0
DA:22,0
DA:28,8
DA:30,8
DA:32,8
DA:45,8
DA:46,8
LF:12
LH:7
BRF:0
BRH:0
end_of_record
